<?xml version="1.0" encoding="UTF-8"?>
<testsuite name="org.example.springboot.web.HelloControllerTest" tests="2" skipped="0" failures="0" errors="0" timestamp="2022-07-04T16:45:30" hostname="DESKTOP-MD5UV4E" time="0.276">
  <properties/>
  <testcase name="hello가_리턴된다" classname="org.example.springboot.web.HelloControllerTest" time="0.105"/>
  <testcase name="helloDto가_리턴된다" classname="org.example.springboot.web.HelloControllerTest" time="0.171"/>
  <system-out><![CDATA[2022-07-05 01:45:28.560  INFO 10908 --- [    Test worker] .b.t.a.w.s.WebMvcTestContextBootstrapper : Neither @ContextConfiguration nor @ContextHierarchy found for test class [org.example.springboot.web.HelloControllerTest], using SpringBootContextLoader
2022-07-05 01:45:28.561  INFO 10908 --- [    Test worker] o.s.t.c.support.AbstractContextLoader    : Could not detect default resource locations for test class [org.example.springboot.web.HelloControllerTest]: no resource found for suffixes {-context.xml, Context.groovy}.
2022-07-05 01:45:28.562  INFO 10908 --- [    Test worker] t.c.s.AnnotationConfigContextLoaderUtils : Could not detect default configuration classes for test class [org.example.springboot.web.HelloControllerTest]: HelloControllerTest does not declare any static, non-private, non-final, nested classes annotated with @Configuration.
2022-07-05 01:45:28.601  INFO 10908 --- [    Test worker] .b.t.c.SpringBootTestContextBootstrapper : Found @SpringBootConfiguration org.example.springboot.Application for test class org.example.springboot.web.HelloControllerTest
2022-07-05 01:45:28.601  INFO 10908 --- [    Test worker] .b.t.a.w.s.WebMvcTestContextBootstrapper : Loaded default TestExecutionListener class names from location [META-INF/spring.factories]: [org.springframework.security.test.context.support.WithSecurityContextTestExecutionListener, org.springframework.security.test.context.support.ReactorContextTestExecutionListener, org.springframework.boot.test.autoconfigure.restdocs.RestDocsTestExecutionListener, org.springframework.boot.test.autoconfigure.web.client.MockRestServiceServerResetTestExecutionListener, org.springframework.boot.test.autoconfigure.web.servlet.MockMvcPrintOnlyOnFailureTestExecutionListener, org.springframework.boot.test.autoconfigure.web.servlet.WebDriverTestExecutionListener, org.springframework.boot.test.mock.mockito.MockitoTestExecutionListener, org.springframework.boot.test.mock.mockito.ResetMocksTestExecutionListener, org.springframework.test.context.web.ServletTestExecutionListener, org.springframework.test.context.support.DirtiesContextBeforeModesTestExecutionListener, org.springframework.test.context.support.DependencyInjectionTestExecutionListener, org.springframework.test.context.support.DirtiesContextTestExecutionListener, org.springframework.test.context.transaction.TransactionalTestExecutionListener, org.springframework.test.context.jdbc.SqlScriptsTestExecutionListener]
2022-07-05 01:45:28.602  INFO 10908 --- [    Test worker] .b.t.a.w.s.WebMvcTestContextBootstrapper : Using TestExecutionListeners: [org.springframework.test.context.web.ServletTestExecutionListener@2a7fb567, org.springframework.test.context.support.DirtiesContextBeforeModesTestExecutionListener@499d8e9e, org.springframework.boot.test.mock.mockito.MockitoTestExecutionListener@780e3796, org.springframework.boot.test.autoconfigure.SpringBootDependencyInjectionTestExecutionListener@6acbf304, org.springframework.test.context.support.DirtiesContextTestExecutionListener@3dc8a7b7, org.springframework.test.context.transaction.TransactionalTestExecutionListener@180427ee, org.springframework.test.context.jdbc.SqlScriptsTestExecutionListener@113f01ff, org.springframework.security.test.context.support.WithSecurityContextTestExecutionListener@2459830f, org.springframework.security.test.context.support.ReactorContextTestExecutionListener@5c546d2c, org.springframework.boot.test.autoconfigure.restdocs.RestDocsTestExecutionListener@65d61a1f, org.springframework.boot.test.autoconfigure.web.client.MockRestServiceServerResetTestExecutionListener@c0fdfa3, org.springframework.boot.test.autoconfigure.web.servlet.MockMvcPrintOnlyOnFailureTestExecutionListener@64a674d6, org.springframework.boot.test.autoconfigure.web.servlet.WebDriverTestExecutionListener@1be44863, org.springframework.boot.test.mock.mockito.ResetMocksTestExecutionListener@4e37afe2]

  .   ____          _            __ _ _
 /\\ / ___'_ __ _ _(_)_ __  __ _ \ \ \ \
( ( )\___ | '_ | '_| | '_ \/ _` | \ \ \ \
 \\/  ___)| |_)| | | | | || (_| |  ) ) ) )
  '  |____| .__|_| |_|_| |_\__, | / / / /
 =========|_|==============|___/=/_/_/_/
 :: Spring Boot ::        (v2.1.7.RELEASE)

2022-07-05 01:45:28.654  INFO 10908 --- [    Test worker] o.e.springboot.web.HelloControllerTest   : Starting HelloControllerTest on DESKTOP-MD5UV4E with PID 10908 (started by TaeHwan in C:\Users\TaeHwan\IdeaProjects\hello_IntelliJ)
2022-07-05 01:45:28.658  INFO 10908 --- [    Test worker] o.e.springboot.web.HelloControllerTest   : No active profile set, falling back to default profiles: default
2022-07-05 01:45:29.250  INFO 10908 --- [    Test worker] o.s.s.concurrent.ThreadPoolTaskExecutor  : Initializing ExecutorService 'applicationTaskExecutor'
2022-07-05 01:45:29.286  INFO 10908 --- [    Test worker] o.s.b.a.w.s.WelcomePageHandlerMapping    : Adding welcome page template: index
2022-07-05 01:45:29.624  INFO 10908 --- [    Test worker] .s.s.UserDetailsServiceAutoConfiguration : 

Using generated security password: f6238c96-08a0-42ad-85ba-247997dde561

2022-07-05 01:45:29.804  INFO 10908 --- [    Test worker] o.s.s.web.DefaultSecurityFilterChain     : Creating filter chain: any request, [org.springframework.security.web.context.request.async.WebAsyncManagerIntegrationFilter@66081ad6, org.springframework.security.web.context.SecurityContextPersistenceFilter@1081fd18, org.springframework.security.web.header.HeaderWriterFilter@619a4cde, org.springframework.security.web.csrf.CsrfFilter@2e13b773, org.springframework.security.web.authentication.logout.LogoutFilter@634fd5d5, org.springframework.security.web.authentication.UsernamePasswordAuthenticationFilter@649a4103, org.springframework.security.web.authentication.ui.DefaultLoginPageGeneratingFilter@35e6801a, org.springframework.security.web.authentication.ui.DefaultLogoutPageGeneratingFilter@22df6fc8, org.springframework.security.web.authentication.www.BasicAuthenticationFilter@64a6133f, org.springframework.security.web.savedrequest.RequestCacheAwareFilter@5a4925ef, org.springframework.security.web.servletapi.SecurityContextHolderAwareRequestFilter@69867ec4, org.springframework.security.web.authentication.AnonymousAuthenticationFilter@76b4af47, org.springframework.security.web.session.SessionManagementFilter@5201d7b1, org.springframework.security.web.access.ExceptionTranslationFilter@730730af, org.springframework.security.web.access.intercept.FilterSecurityInterceptor@456cd197]
2022-07-05 01:45:29.885  INFO 10908 --- [    Test worker] o.s.b.t.m.w.SpringBootMockServletContext : Initializing Spring TestDispatcherServlet ''
2022-07-05 01:45:29.886  INFO 10908 --- [    Test worker] o.s.t.web.servlet.TestDispatcherServlet  : Initializing Servlet ''
2022-07-05 01:45:29.920  INFO 10908 --- [    Test worker] o.s.t.web.servlet.TestDispatcherServlet  : Completed initialization in 34 ms
2022-07-05 01:45:30.000  INFO 10908 --- [    Test worker] o.e.springboot.web.HelloControllerTest   : Started HelloControllerTest in 1.395 seconds (JVM running for 10.638)
]]></system-out>
  <system-err><![CDATA[]]></system-err>
</testsuite>
