<?xml version="1.0" encoding="UTF-8"?>
<testsuite name="org.example.springboot.web.IndexControllerTest" tests="1" skipped="0" failures="0" errors="0" timestamp="2022-06-30T15:56:34" hostname="DESKTOP-MD5UV4E" time="0.214">
  <properties/>
  <testcase name="메인페이지_로딩" classname="org.example.springboot.web.IndexControllerTest" time="0.214"/>
  <system-out><![CDATA[2022-07-01 00:56:31.916  INFO 11072 --- [    Test worker] .b.t.c.SpringBootTestContextBootstrapper : Neither @ContextConfiguration nor @ContextHierarchy found for test class [org.example.springboot.web.IndexControllerTest], using SpringBootContextLoader
2022-07-01 00:56:31.917  INFO 11072 --- [    Test worker] o.s.t.c.support.AbstractContextLoader    : Could not detect default resource locations for test class [org.example.springboot.web.IndexControllerTest]: no resource found for suffixes {-context.xml, Context.groovy}.
2022-07-01 00:56:31.917  INFO 11072 --- [    Test worker] t.c.s.AnnotationConfigContextLoaderUtils : Could not detect default configuration classes for test class [org.example.springboot.web.IndexControllerTest]: IndexControllerTest does not declare any static, non-private, non-final, nested classes annotated with @Configuration.
2022-07-01 00:56:31.919  INFO 11072 --- [    Test worker] .b.t.c.SpringBootTestContextBootstrapper : Found @SpringBootConfiguration org.example.springboot.Application for test class org.example.springboot.web.IndexControllerTest
2022-07-01 00:56:31.921  INFO 11072 --- [    Test worker] .b.t.c.SpringBootTestContextBootstrapper : Loaded default TestExecutionListener class names from location [META-INF/spring.factories]: [org.springframework.security.test.context.support.WithSecurityContextTestExecutionListener, org.springframework.security.test.context.support.ReactorContextTestExecutionListener, org.springframework.boot.test.autoconfigure.restdocs.RestDocsTestExecutionListener, org.springframework.boot.test.autoconfigure.web.client.MockRestServiceServerResetTestExecutionListener, org.springframework.boot.test.autoconfigure.web.servlet.MockMvcPrintOnlyOnFailureTestExecutionListener, org.springframework.boot.test.autoconfigure.web.servlet.WebDriverTestExecutionListener, org.springframework.boot.test.mock.mockito.MockitoTestExecutionListener, org.springframework.boot.test.mock.mockito.ResetMocksTestExecutionListener, org.springframework.test.context.web.ServletTestExecutionListener, org.springframework.test.context.support.DirtiesContextBeforeModesTestExecutionListener, org.springframework.test.context.support.DependencyInjectionTestExecutionListener, org.springframework.test.context.support.DirtiesContextTestExecutionListener, org.springframework.test.context.transaction.TransactionalTestExecutionListener, org.springframework.test.context.jdbc.SqlScriptsTestExecutionListener]
2022-07-01 00:56:31.921  INFO 11072 --- [    Test worker] .b.t.c.SpringBootTestContextBootstrapper : Using TestExecutionListeners: [org.springframework.test.context.web.ServletTestExecutionListener@73a4f925, org.springframework.test.context.support.DirtiesContextBeforeModesTestExecutionListener@4692678d, org.springframework.boot.test.mock.mockito.MockitoTestExecutionListener@3b742641, org.springframework.boot.test.autoconfigure.SpringBootDependencyInjectionTestExecutionListener@611870b3, org.springframework.test.context.support.DirtiesContextTestExecutionListener@35a1c064, org.springframework.test.context.transaction.TransactionalTestExecutionListener@605a7752, org.springframework.test.context.jdbc.SqlScriptsTestExecutionListener@7a060336, org.springframework.security.test.context.support.WithSecurityContextTestExecutionListener@5839692d, org.springframework.security.test.context.support.ReactorContextTestExecutionListener@632020ae, org.springframework.boot.test.autoconfigure.restdocs.RestDocsTestExecutionListener@50f33b7f, org.springframework.boot.test.autoconfigure.web.client.MockRestServiceServerResetTestExecutionListener@1a268de4, org.springframework.boot.test.autoconfigure.web.servlet.MockMvcPrintOnlyOnFailureTestExecutionListener@9c5ff8c, org.springframework.boot.test.autoconfigure.web.servlet.WebDriverTestExecutionListener@6b029b4a, org.springframework.boot.test.mock.mockito.ResetMocksTestExecutionListener@22637d96]

  .   ____          _            __ _ _
 /\\ / ___'_ __ _ _(_)_ __  __ _ \ \ \ \
( ( )\___ | '_ | '_| | '_ \/ _` | \ \ \ \
 \\/  ___)| |_)| | | | | || (_| |  ) ) ) )
  '  |____| .__|_| |_|_| |_\__, | / / / /
 =========|_|==============|___/=/_/_/_/
 :: Spring Boot ::        (v2.1.7.RELEASE)

2022-07-01 00:56:31.958  INFO 11072 --- [    Test worker] o.e.springboot.web.IndexControllerTest   : Starting IndexControllerTest on DESKTOP-MD5UV4E with PID 11072 (started by TaeHwan in C:\Users\TaeHwan\IdeaProjects\hello_IntelliJ)
2022-07-01 00:56:31.959  INFO 11072 --- [    Test worker] o.e.springboot.web.IndexControllerTest   : No active profile set, falling back to default profiles: default
2022-07-01 00:56:32.209  INFO 11072 --- [    Test worker] .s.d.r.c.RepositoryConfigurationDelegate : Bootstrapping Spring Data repositories in DEFAULT mode.
2022-07-01 00:56:32.239  INFO 11072 --- [    Test worker] .s.d.r.c.RepositoryConfigurationDelegate : Finished Spring Data repository scanning in 30ms. Found 2 repository interfaces.
2022-07-01 00:56:32.347  INFO 11072 --- [    Test worker] trationDelegate$BeanPostProcessorChecker : Bean 'org.springframework.transaction.annotation.ProxyTransactionManagementConfiguration' of type [org.springframework.transaction.annotation.ProxyTransactionManagementConfiguration$$EnhancerBySpringCGLIB$$44f85cda] is not eligible for getting processed by all BeanPostProcessors (for example: not eligible for auto-proxying)
2022-07-01 00:56:32.662  INFO 11072 --- [    Test worker] o.s.b.w.embedded.tomcat.TomcatWebServer  : Tomcat initialized with port(s): 0 (http)
2022-07-01 00:56:32.699  INFO 11072 --- [    Test worker] o.apache.catalina.core.StandardService   : Starting service [Tomcat]
2022-07-01 00:56:32.699  INFO 11072 --- [    Test worker] org.apache.catalina.core.StandardEngine  : Starting Servlet engine: [Apache Tomcat/9.0.22]
2022-07-01 00:56:32.896  INFO 11072 --- [    Test worker] o.a.c.c.C.[Tomcat].[localhost].[/]       : Initializing Spring embedded WebApplicationContext
2022-07-01 00:56:32.896  INFO 11072 --- [    Test worker] o.s.web.context.ContextLoader            : Root WebApplicationContext: initialization completed in 935 ms
2022-07-01 00:56:33.103  INFO 11072 --- [    Test worker] com.zaxxer.hikari.HikariDataSource       : HikariPool-2 - Starting...
2022-07-01 00:56:33.105  INFO 11072 --- [    Test worker] com.zaxxer.hikari.HikariDataSource       : HikariPool-2 - Start completed.
2022-07-01 00:56:33.149  INFO 11072 --- [    Test worker] o.hibernate.jpa.internal.util.LogHelper  : HHH000204: Processing PersistenceUnitInfo [
	name: default
	...]
2022-07-01 00:56:33.163  INFO 11072 --- [    Test worker] org.hibernate.dialect.Dialect            : HHH000400: Using dialect: org.hibernate.dialect.MySQL5InnoDBDialect
Hibernate: drop table if exists posts
Hibernate: drop table if exists user
Hibernate: create table posts (id bigint not null auto_increment, create_date datetime, modified_date datetime, author varchar(255), content TEXT not null, title varchar(500) not null, primary key (id)) engine=InnoDB
Hibernate: create table user (id bigint not null auto_increment, create_date datetime, modified_date datetime, email varchar(255) not null, name varchar(255) not null, picture varchar(255), role varchar(255) not null, primary key (id)) engine=InnoDB
2022-07-01 00:56:33.224  INFO 11072 --- [    Test worker] o.h.t.schema.internal.SchemaCreatorImpl  : HHH000476: Executing import script 'org.hibernate.tool.schema.internal.exec.ScriptSourceInputNonExistentImpl@bd2f8bf'
2022-07-01 00:56:33.225  INFO 11072 --- [    Test worker] j.LocalContainerEntityManagerFactoryBean : Initialized JPA EntityManagerFactory for persistence unit 'default'
2022-07-01 00:56:33.447  INFO 11072 --- [    Test worker] o.h.h.i.QueryTranslatorFactoryInitiator  : HHH000397: Using ASTQueryTranslatorFactory
2022-07-01 00:56:33.790  INFO 11072 --- [    Test worker] o.s.s.web.DefaultSecurityFilterChain     : Creating filter chain: any request, [org.springframework.security.web.context.request.async.WebAsyncManagerIntegrationFilter@3d9ca21e, org.springframework.security.web.context.SecurityContextPersistenceFilter@1ffc315c, org.springframework.security.web.header.HeaderWriterFilter@3792f920, org.springframework.security.web.authentication.logout.LogoutFilter@4d767305, org.springframework.security.oauth2.client.web.OAuth2AuthorizationRequestRedirectFilter@5888f876, org.springframework.security.oauth2.client.web.OAuth2LoginAuthenticationFilter@4a4a0566, org.springframework.security.web.authentication.ui.DefaultLoginPageGeneratingFilter@33fed2f7, org.springframework.security.web.authentication.ui.DefaultLogoutPageGeneratingFilter@68364be7, org.springframework.security.web.savedrequest.RequestCacheAwareFilter@106f1915, org.springframework.security.web.servletapi.SecurityContextHolderAwareRequestFilter@3094a9c1, org.springframework.security.web.authentication.AnonymousAuthenticationFilter@77e255df, org.springframework.security.web.session.SessionManagementFilter@47c89430, org.springframework.security.web.access.ExceptionTranslationFilter@ee03f81, org.springframework.security.web.access.intercept.FilterSecurityInterceptor@5f3149db]
2022-07-01 00:56:33.988  INFO 11072 --- [    Test worker] o.s.s.concurrent.ThreadPoolTaskExecutor  : Initializing ExecutorService 'applicationTaskExecutor'
2022-07-01 00:56:34.007  WARN 11072 --- [    Test worker] aWebConfiguration$JpaWebMvcConfiguration : spring.jpa.open-in-view is enabled by default. Therefore, database queries may be performed during view rendering. Explicitly configure spring.jpa.open-in-view to disable this warning
2022-07-01 00:56:34.040  INFO 11072 --- [    Test worker] o.s.b.a.w.s.WelcomePageHandlerMapping    : Adding welcome page template: index
2022-07-01 00:56:34.377  INFO 11072 --- [    Test worker] s.a.ScheduledAnnotationBeanPostProcessor : No TaskScheduler/ScheduledExecutorService bean found for scheduled processing
2022-07-01 00:56:34.400  INFO 11072 --- [    Test worker] o.s.b.w.embedded.tomcat.TomcatWebServer  : Tomcat started on port(s): 11264 (http) with context path ''
2022-07-01 00:56:34.402  INFO 11072 --- [    Test worker] o.e.springboot.web.IndexControllerTest   : Started IndexControllerTest in 2.478 seconds (JVM running for 11.559)
2022-07-01 00:56:34.517  INFO 11072 --- [o-auto-1-exec-2] o.a.c.c.C.[Tomcat].[localhost].[/]       : Initializing Spring DispatcherServlet 'dispatcherServlet'
2022-07-01 00:56:34.518  INFO 11072 --- [o-auto-1-exec-2] o.s.web.servlet.DispatcherServlet        : Initializing Servlet 'dispatcherServlet'
2022-07-01 00:56:34.538  INFO 11072 --- [o-auto-1-exec-2] o.s.web.servlet.DispatcherServlet        : Completed initialization in 20 ms
Hibernate: select posts0_.id as id1_0_, posts0_.create_date as create_d2_0_, posts0_.modified_date as modified3_0_, posts0_.author as author4_0_, posts0_.content as content5_0_, posts0_.title as title6_0_ from posts posts0_ order by posts0_.id DESC
]]></system-out>
  <system-err><![CDATA[]]></system-err>
</testsuite>
